Debug Source ========
FlintConnect
FlintConnect.xcodeproj
FlintConnectResource
FlintConnectTests
FlintConnectUI
=====================
2016-01-22 11:49:27.957 xcodebuild[71463:12826872] [MT] DVTDeveloperPaths: WARNING: Environment variable XCODE_DEVELOPER_DIR_PATH is set, but is not an absolute path. The variable will be ignored. ()
2016-01-22 11:49:28.285 xcodebuild[71463:12826872] [MT] DVTDeveloperPaths: WARNING: Environment variable XCODE_DEVELOPER_DIR_PATH is set, but is not an absolute path. The variable will be ignored. ()
2016-01-22 11:49:28.346 xcodebuild[71463:12826872] [MT] DVTDeveloperPaths: WARNING: Environment variable XCODE_DEVELOPER_DIR_PATH is set, but is not an absolute path. The variable will be ignored. ()
2016-01-22 11:49:28.357 xcodebuild[71463:12826872] [MT] DVTDeveloperPaths: WARNING: Environment variable XCODE_DEVELOPER_DIR_PATH is set, but is not an absolute path. The variable will be ignored. ()
2016-01-22 11:49:28.369 xcodebuild[71463:12826872] [MT] DVTDeveloperPaths: WARNING: Environment variable XCODE_DEVELOPER_DIR_PATH is set, but is not an absolute path. The variable will be ignored. ()
2016-01-22 11:49:28.381 xcodebuild[71463:12826872] [MT] DVTDeveloperPaths: WARNING: Environment variable XCODE_DEVELOPER_DIR_PATH is set, but is not an absolute path. The variable will be ignored. ()
2016-01-22 11:49:28.393 xcodebuild[71463:12826872] [MT] DVTDeveloperPaths: WARNING: Environment variable XCODE_DEVELOPER_DIR_PATH is set, but is not an absolute path. The variable will be ignored. ()
2016-01-22 11:49:28.404 xcodebuild[71463:12826872] [MT] DVTDeveloperPaths: WARNING: Environment variable XCODE_DEVELOPER_DIR_PATH is set, but is not an absolute path. The variable will be ignored. ()
Build settings from command line:
    BUILD_DIR = /Library/Developer/XcodeServer/Integrations/Caches/4e2c351c459014aef8ade0f24000a6d2/DerivedData/Build/Intermediates/ArchiveIntermediates/FlintConnectSDK/BuildProductsPath/../../../../Products
    BUILD_ROOT = /Library/Developer/XcodeServer/Integrations/Caches/4e2c351c459014aef8ade0f24000a6d2/DerivedData/Build/Intermediates/ArchiveIntermediates/FlintConnectSDK/BuildProductsPath/../../../../Products
    SDKROOT = iphonesimulator9.2

xcodebuild: error: '/Library/Developer/XcodeServer/Integrations/Caches/4e2c351c459014aef8ade0f24000a6d2/Source/ios-flint-connect/Framework/FlintConnect/Framework/FlintConnect/FlintConnect.xcodeproj' does not exist.
